
PARAMETERS:
 - kmer size =    20 		(-k)
 - n hashes =     4 		(-N)
 - min hashsize = 3e+07 	(-x)

Estimated memory usage is 1.2e+08 bytes (n_hashes x min_hashsize)
--------
starting threads
starting writer
loading...
... filtering 0
... filtering 100000
... filtering 200000
... filtering 300000
... filtering 400000
... filtering 500000
... filtering 600000
... filtering 700000
... filtering 800000
... filtering 900000
... filtering 1000000
processed 1000000 / wrote 994459 / removed 5541
processed 91836931 bp / wrote 91411787 bp / removed 425144 bp
discarded 0.5%
... filtering 1100000
... filtering 1200000
... filtering 1300000
... filtering 1400000
... filtering 1500000
... filtering 1600000
... filtering 1700000
... filtering 1800000
... filtering 1900000
... filtering 2000000
... filtering 2100000
... filtering 2200000
... filtering 2300000
... filtering 2400000
... filtering 2500000
processed 2500000 / wrote 2486334 / removed 13666
processed 229354048 bp / wrote 228289432 bp / removed 1064616 bp
discarded 0.5%
... filtering 2600000
... filtering 2700000
... filtering 2800000
... filtering 2900000
... filtering 3000000
... filtering 3100000
... filtering 3200000
... filtering 3300000
... filtering 3400000
... filtering 3500000
... filtering 3600000
... filtering 3700000
... filtering 3800000
... filtering 3900000
... filtering 4000000
processed 4000000 / wrote 3978724 / removed 21276
processed 367016495 bp / wrote 365333229 bp / removed 1683266 bp
discarded 0.5%
... filtering 4100000
... filtering 4200000
... filtering 4300000
... filtering 4400000
... filtering 4500000
... filtering 4600000
done loading in sequences
DONE writing.
processed 4641853 / wrote 4617206 / removed 24647
processed 425727643 bp / wrote 423771728 bp / removed 1955915 bp
discarded 0.5%
making hashtable
consuming input, round 1 -- ecoli_ref.fastq.r1.fq
fp rate estimated to be 0.003
filtering ecoli_ref.fastq.r1.fq
output in ecoli_ref.fastq.r1.fq.abundfilt
