
PARAMETERS:
 - kmer size =    20 		(-k)
 - n hashes =     1 		(-N)
 - min hashsize = 2.6e+07 	(-x)

Estimated memory usage is 2.6e+07 bytes (n_hashes x min_hashsize)
--------
starting threads
starting writer
loading...
... filtering 0
... filtering 100000
... filtering 200000
... filtering 300000
... filtering 400000
... filtering 500000
processed 500000 / wrote 499674 / removed 326
processed 46018336 bp / wrote 45995534 bp / removed 22802 bp
discarded 0.0%
... filtering 600000
... filtering 700000
... filtering 800000
... filtering 900000
... filtering 1000000
... filtering 1100000
... filtering 1200000
... filtering 1300000
... filtering 1400000
... filtering 1500000
... filtering 1600000
... filtering 1700000
... filtering 1800000
... filtering 1900000
... filtering 2000000
processed 2000000 / wrote 1998688 / removed 1312
processed 183571299 bp / wrote 183479478 bp / removed 91821 bp
discarded 0.1%
... filtering 2100000
... filtering 2200000
... filtering 2300000
... filtering 2400000
... filtering 2500000
processed 2500000 / wrote 2498390 / removed 1610
processed 229534960 bp / wrote 229420266 bp / removed 114694 bp
discarded 0.0%
... filtering 2600000
... filtering 2700000
... filtering 2800000
... filtering 2900000
... filtering 3000000
processed 3000000 / wrote 2998088 / removed 1912
processed 275553786 bp / wrote 275417461 bp / removed 136325 bp
discarded 0.0%
... filtering 3100000
... filtering 3200000
... filtering 3300000
... filtering 3400000
... filtering 3500000
processed 3500000 / wrote 3497760 / removed 2240
processed 321524496 bp / wrote 321364771 bp / removed 159725 bp
discarded 0.0%
... filtering 3600000
... filtering 3700000
... filtering 3800000
... filtering 3900000
... filtering 4000000
... filtering 4100000
... filtering 4200000
... filtering 4300000
... filtering 4400000
... filtering 4500000
... filtering 4600000
done loading in sequences
DONE writing.
processed 4619183 / wrote 4616192 / removed 2991
processed 423972492 bp / wrote 423759832 bp / removed 212660 bp
discarded 0.1%
making hashtable
consuming input, round 1 -- ecoli_ref.fastq.r3.fq
fp rate estimated to be 0.232
filtering ecoli_ref.fastq.r3.fq
output in ecoli_ref.fastq.r3.fq.abundfilt
