MH0001.trimmed.head176800.fa
 21.7736792261 9.44411710872 3.73692799368 2.04491834431 1.23339996586 0.789256121863 0.546755366078 0.39188306814 0.201210696577 0.106340578592 0.0624371464003 0.0454098620254 0.0293743534691 0.00933163872831
 1.0 0.999898714445 0.979340831549 0.873117990988 0.713833858784 0.548383647061 0.415767436026 0.31621915932 0.176075940516 0.0973796347139 0.0582828962116 0.0421872332899 0.0272278194917 0.00875323136911
 17.8289389798 7.67791193401 2.98493107441 1.59375392032 0.938030206746 0.588363163729 0.39977048796 0.284532204693 0.143474331053 0.0753153219852 0.0440941780857 0.0316334840791 0.0204154661501 0.0064262342956
random_kmers_1M_3c.fa
 17.4615406838 7.6716910138 3.0955795037 1.69398279524 1.04789973336 0.687431546649 0.467653020006 0.326038400271 0.164498375365 0.0860065512486 0.0481865975625 0.0285434951514 0.0159544139329 0.00384073664295
 1.0 0.999931578326 0.980798850921 0.880026902389 0.719322635562 0.551006837606 0.410123569544 0.300674232245 0.158871579613 0.0845960511064 0.0477563012561 0.0283802967879 0.0158753488872 0.00383566837079
 16.2744585945 7.13121655257 2.85804225824 1.54893796891 0.94631128618 0.613864055763 0.414196433051 0.287172862038 0.14390395827 0.0751447371822 0.0420884524994 0.0248999142955 0.0139184890062 0.00332073191932
random_reads_1.67M_3c_0.03e.fa
 28.3340715277 12.2617048487 4.82319063349 2.5795916566 1.56053600705 1.00790151232 0.673602282096 0.462605611717 0.229750438034 0.119961201368 0.0670290501471 0.0397770487124 0.022730345751 0.00527096130841
 1.0 0.999976525513 0.9879655695 0.91120071062 0.770933139027 0.611735271637 0.469090673492 0.351943593625 0.193227892198 0.106328627794 0.0610120696422 0.0368239582492 0.0211641279791 0.00501039450284
 21.1226241472 9.07047040994 3.49083368232 1.8118374326 1.06218203807 0.666409229793 0.434713226277 0.293063946381 0.142207033707 0.0732305401198 0.0406596894231 0.0239618173384 0.0136621514273 0.00311928983104
random_reads_2.54M_3c_0.00e.fa
 42.8681407327 18.4734309253 7.19088238901 3.79092088836 2.24394012195 1.41299649586 0.91620511006 0.611150537483 0.289763897461 0.145355651564 0.0788879819706 0.0454478288578 0.0251452018552 0.00580556119587
 1.0 0.999931646063 0.981607765007 0.883763125464 0.724535645573 0.558470761604 0.416533812079 0.305208871537 0.162468260654 0.0871794150109 0.0493696359751 0.0292172871127 0.016275775968 0.00390270822318
 21.0249677832 8.91537430817 3.31812726297 1.65241621114 0.922758041137 0.551817812634 0.343376503535 0.221700465008 0.10029432401 0.0489253353866 0.0260348082371 0.0148503953471 0.00819141514763 0.0018922983207
ecoli_ref_head200000.fastq
 31.9525582124 13.8225353729 5.39826002746 2.90909898411 1.73096201833 1.09445584748 0.708053306075 0.50901553394 0.209277272309 0.0643846324138 0.0144894461951 -0.0187881322193 -0.0455340947706 -0.0766602803598
 0.999986790093 0.999926662239 0.985587535678 0.899033034789 0.755982493684 0.60119335569 0.46431184127 0.366321204816 0.207554062684 0.11609458658 0.0795746592072 0.0546165892748 0.0342182149133 0.0110580589089
 21.9182867024 9.39883124207 3.58852186604 1.8753057638 1.07631181212 0.656374782378 0.406338113498 0.279916568048 0.0953969394922 0.00849260381848 -0.021514839281 -0.0410896442526 -0.0563803396495 -0.0743321480858
