total 339635160
drwxr-xr-x  2 root root        4096 2014-03-07 01:29 aTurtle
-rw-r--r--  1 root root         151 2014-01-15 18:23 BF_count_1.time
-rw-r--r--  1 root root         154 2014-01-15 18:34 BF_count_2.time
-rw-r--r--  1 root root         156 2014-01-15 18:53 BF_count_3.time
-rw-r--r--  1 root root         157 2014-01-15 19:19 BF_count_4.time
-rw-r--r--  1 root root         157 2014-01-15 19:59 BF_count_5.time
-rw-r--r--  1 root root         144 2014-01-15 19:59 BF_dump_1.time
-rw-r--r--  1 root root         144 2014-01-15 20:02 BF_dump_2.time
-rw-r--r--  1 root root         144 2014-01-15 20:03 BF_dump_3.time
-rw-r--r--  1 root root         146 2014-01-15 20:06 BF_dump_4.time
-rw-r--r--  1 root root         154 2014-01-15 20:13 BF_dump_5.time
-rw-r--r--  1 root root         147 2014-02-26 02:32 bloom_1_1_22.count.time
-rw-r--r--  1 root root       84963 2014-03-06 23:50 bloom_1_1_22.hist
-rw-r--r--  1 root root       84963 2014-02-26 00:57 bloom_1_1_22.hist2
-rw-r--r--  1 root root         153 2014-03-06 23:50 bloom_1_1_22.hist.time
-rw-r--r--  1 root root  5378926420 2014-02-26 02:28 bloom_1_1_22.kh
-rw-r--r--  1 root root          66 2014-02-26 02:29 bloom_1_1_22.kh.info
-rw-r--r--  1 root root         157 2014-02-26 02:29 bloom_1_1_22.kh.time
-rw-r--r--  1 root root         175 2014-02-27 04:37 bloom_1_1_22.time1
-rw-r--r--  1 root root       84967 2014-02-26 08:26 bloom_1_20_22.hist
-rw-r--r--  1 root root         150 2014-02-26 08:26 bloom_1_20_22.hist.time
-rw-r--r--  1 root root       84963 2014-02-26 07:16 bloom_1_5_22.hist
-rw-r--r--  1 root root         152 2014-02-26 07:16 bloom_1_5_22.hist.time
-rw-r--r--  1 root root         149 2014-02-26 02:44 bloom_2_1_22.count.time
-rw-r--r--  1 root root      175423 2014-02-26 01:10 bloom_2_1_22.hist
-rw-r--r--  1 root root         155 2014-02-26 01:10 bloom_2_1_22.hist.time
-rw-r--r--  1 root root 10163560748 2014-02-26 02:40 bloom_2_1_22.kh
-rw-r--r--  1 root root          66 2014-02-26 02:41 bloom_2_1_22.kh.info
-rw-r--r--  1 root root         158 2014-02-26 02:41 bloom_2_1_22.kh.time
-rw-r--r--  1 root root      167430 2014-02-26 08:34 bloom_2_20_22.hist
-rw-r--r--  1 root root         153 2014-02-26 08:34 bloom_2_20_22.hist.time
-rw-r--r--  1 root root      175426 2014-02-26 07:26 bloom_2_5_22.hist
-rw-r--r--  1 root root         154 2014-02-26 07:26 bloom_2_5_22.hist.time
-rw-r--r--  1 root root         149 2014-02-26 03:03 bloom_3_1_22.count.time
-rw-r--r--  1 root root      251273 2014-02-26 01:29 bloom_3_1_22.hist
-rw-r--r--  1 root root         155 2014-02-26 01:29 bloom_3_1_22.hist.time
-rw-r--r--  1 root root 13859270782 2014-02-26 02:58 bloom_3_1_22.kh
-rw-r--r--  1 root root          66 2014-02-26 02:58 bloom_3_1_22.kh.info
-rw-r--r--  1 root root         160 2014-02-26 02:58 bloom_3_1_22.kh.time
-rw-r--r--  1 root root      251275 2014-02-26 08:45 bloom_3_20_22.hist
-rw-r--r--  1 root root         155 2014-02-26 08:45 bloom_3_20_22.hist.time
-rw-r--r--  1 root root      251273 2014-02-26 07:40 bloom_3_5_22.hist
-rw-r--r--  1 root root         155 2014-02-26 07:40 bloom_3_5_22.hist.time
-rw-r--r--  1 root root         149 2014-02-26 03:28 bloom_4_1_22.count.time
-rw-r--r--  1 root root      314672 2014-02-26 01:54 bloom_4_1_22.hist
-rw-r--r--  1 root root         155 2014-02-26 01:54 bloom_4_1_22.hist.time
-rw-r--r--  1 root root 16971216212 2014-02-26 03:21 bloom_4_1_22.kh
-rw-r--r--  1 root root          66 2014-02-26 03:23 bloom_4_1_22.kh.info
-rw-r--r--  1 root root         160 2014-02-26 03:23 bloom_4_1_22.kh.time
-rw-r--r--  1 root root      314675 2014-02-26 08:59 bloom_4_20_22.hist
-rw-r--r--  1 root root         155 2014-02-26 08:59 bloom_4_20_22.hist.time
-rw-r--r--  1 root root      314671 2014-02-26 07:59 bloom_4_5_22.hist
-rw-r--r--  1 root root         155 2014-02-26 07:59 bloom_4_5_22.hist.time
-rw-r--r--  1 root root         149 2014-02-26 03:58 bloom_5_1_22.count.time
-rw-r--r--  1 root root      517292 2014-02-26 02:25 bloom_5_1_22.hist
-rw-r--r--  1 root root         156 2014-02-26 02:25 bloom_5_1_22.hist.time
-rw-r--r--  1 root root 20334477234 2014-02-26 03:50 bloom_5_1_22.kh
-rw-r--r--  1 root root          66 2014-02-26 03:51 bloom_5_1_22.kh.info
-rw-r--r--  1 root root         160 2014-02-26 03:51 bloom_5_1_22.kh.time
-rw-r--r--  1 root root      517301 2014-02-26 09:17 bloom_5_20_22.hist
-rw-r--r--  1 root root         156 2014-02-26 09:17 bloom_5_20_22.hist.time
-rw-r--r--  1 root root      517296 2014-02-26 08:22 bloom_5_5_22.hist
-rw-r--r--  1 root root         156 2014-02-26 08:22 bloom_5_5_22.hist.time
-rw-r--r--  1 root root         480 2014-01-09 22:28 bloom_count.py
-rw-r--r--  1 root root        7970 2014-01-09 22:28 clean-list.txt
-rwxr-xr-x  1 root root        1818 2014-01-09 22:43 count-singleton-kmers-at-end.py
-rw-r--r--  1 root root         157 2014-02-11 19:44 dsk_1_22.time
-rw-r--r--  1 root root         160 2014-02-11 19:55 dsk_2_22.time
-rw-r--r--  1 root root         161 2014-02-11 20:11 dsk_3_22.time
-rw-r--r--  1 root root         161 2014-02-11 20:32 dsk_4_22.time
-rw-r--r--  1 root root         161 2014-02-11 21:02 dsk_5_22.time
drwxr-xr-x 12 root root       12288 2014-02-16 21:50 Ecoli
-rw-r--r--  1 root root     4706054 2014-01-09 23:15 ecoliMG1655.fa
-rw-r--r--  1 root root   400000180 2014-02-12 21:11 ecoliMG1655.fa.kh
-rw-r--r--  1 root root          58 2014-02-12 21:11 ecoliMG1655.fa.kh.info
-rw-r--r--  1 root root         132 2014-02-12 21:29 ecoliMG1655.fa.nhr
-rw-r--r--  1 root root          96 2014-02-12 21:29 ecoliMG1655.fa.nin
-rw-r--r--  1 root root          22 2014-02-12 21:29 ecoliMG1655.fa.nsd
-rw-r--r--  1 root root          65 2014-02-12 21:29 ecoliMG1655.fa.nsi
-rw-r--r--  1 root root     1159920 2014-02-12 21:29 ecoliMG1655.fa.nsq
-rw-r--r--  1 root root    81788367 2014-02-12 21:25 ecoli_ref.fastq.kak5.1e7.fq
-rw-r--r--  1 root root    54677444 2014-02-12 21:27 ecoli_ref.fastq.kak5.1e7.fq.pe
-rw-r--r--  1 root root    27110923 2014-02-12 21:27 ecoli_ref.fastq.kak5.1e7.fq.se
-rw-r--r--  1 root root    78027507 2014-02-12 21:26 ecoli_ref.fastq.kak5.2e7.fq
-rw-r--r--  1 root root    53298636 2014-02-12 21:28 ecoli_ref.fastq.kak5.2e7.fq.pe
-rw-r--r--  1 root root    24728871 2014-02-12 21:28 ecoli_ref.fastq.kak5.2e7.fq.se
-rw-r--r--  1 root root    76814447 2014-02-12 21:24 ecoli_ref.fastq.kak5.fq
-rw-r--r--  1 root root    52747016 2014-02-12 21:27 ecoli_ref.fastq.kak5.fq.pe
-rw-r--r--  1 root root    24067431 2014-02-12 21:27 ecoli_ref.fastq.kak5.fq.se
-rw-r--r--  1 root root   299527954 2014-02-12 20:12 ecoli_ref.fastq.ka.r1.fq
-rw-r--r--  1 root root          51 2014-02-12 20:15 ecoli_ref.fastq.ka.r1.fq.endcount
-rw-r--r--  1 root root        1058 2014-02-12 20:12 ecoli_ref.fastq.ka.r1.fq.out
-rw-r--r--  1 root root   291051197 2014-02-12 20:17 ecoli_ref.fastq.ka.r2.fq
-rw-r--r--  1 root root          50 2014-02-12 20:20 ecoli_ref.fastq.ka.r2.fq.endcount
-rw-r--r--  1 root root        1159 2014-02-12 20:17 ecoli_ref.fastq.ka.r2.fq.out
-rw-r--r--  1 root root   290452089 2014-02-12 20:22 ecoli_ref.fastq.ka.r3.fq
-rw-r--r--  1 root root        1007 2014-02-12 20:22 ecoli_ref.fastq.ka.r3.fq.out
-rw-r--r--  1 root root   290420370 2014-02-12 20:25 ecoli_ref.fastq.ka.r4.fq
-rw-r--r--  1 root root        1002 2014-02-12 20:25 ecoli_ref.fastq.ka.r4.fq.out
-rw-r--r--  1 root root   290418465 2014-02-12 20:29 ecoli_ref.fastq.ka.r5.fq
-rw-r--r--  1 root root         997 2014-02-12 20:29 ecoli_ref.fastq.ka.r5.fq.out
-rw-r--r--  1 root root   290418049 2014-02-12 20:32 ecoli_ref.fastq.ka.r6.fq
-rw-r--r--  1 root root         995 2014-02-12 20:32 ecoli_ref.fastq.ka.r6.fq.out
-rw-r--r--  1 root root   291332577 2014-02-12 21:19 ecoli_ref.fastq.keep.abundfilt.fq
-rw-r--r--  1 root root   377609883 2014-02-12 20:10 ecoli_ref.fastq.keep.fq
-rw-r--r--  1 root root          51 2014-02-12 20:38 ecoli_ref.fastq.keep.fq.endcount
-rw-r--r--  1 root root   287422070 2014-02-12 21:21 ecoli_ref.fastq.keep.keep1e7.abundfilt.fq
-rw-r--r--  1 root root   362932706 2014-02-12 20:47 ecoli_ref.fastq.keep.keep1e7.fq
-rw-r--r--  1 root root    81788770 2014-02-12 20:51 ecoli_ref.fastq.keep.keep1e7.fq.abundfilt.keep
-rw-r--r--  1 root root   800001190 2014-02-12 20:48 ecoli_ref.fastq.keep.keep1e7.fq.kh
-rw-r--r--  1 root root          75 2014-02-12 20:48 ecoli_ref.fastq.keep.keep1e7.fq.kh.info
-rw-r--r--  1 root root        5505 2014-02-12 20:48 ecoli_ref.fastq.keep.keep1e7.fq.kh.x.genome
-rw-r--r--  1 root root   377562146 2014-02-12 21:11 ecoli_ref.fastq.keep.keep1e8.fq
-rw-r--r--  1 root root   289440837 2014-02-12 21:23 ecoli_ref.fastq.keep.keep2e7.abundfilt.fq
-rw-r--r--  1 root root   372649529 2014-02-12 20:53 ecoli_ref.fastq.keep.keep2e7.fq
-rw-r--r--  1 root root    78027290 2014-02-12 20:57 ecoli_ref.fastq.keep.keep2e7.fq.abundfilt.keep
-rw-r--r--  1 root root   800001200 2014-02-12 20:54 ecoli_ref.fastq.keep.keep2e7.fq.kh
-rw-r--r--  1 root root          75 2014-02-12 20:54 ecoli_ref.fastq.keep.keep2e7.fq.kh.info
-rw-r--r--  1 root root        5607 2014-02-12 20:54 ecoli_ref.fastq.keep.keep2e7.fq.kh.x.genome
-rw-r--r--  1 root root   375527505 2014-02-12 20:59 ecoli_ref.fastq.keep.keep3e7.fq
-rw-r--r--  1 root root   376633232 2014-02-12 21:00 ecoli_ref.fastq.keep.keep4e7.fq
-rw-r--r--  1 root root   377107396 2014-02-12 21:02 ecoli_ref.fastq.keep.keep5e7.fq
-rw-r--r--  1 root root   377329420 2014-02-12 21:04 ecoli_ref.fastq.keep.keep6e7.fq
-rw-r--r--  1 root root   377435636 2014-02-12 21:06 ecoli_ref.fastq.keep.keep7e7.fq
-rw-r--r--  1 root root   377506884 2014-02-12 21:07 ecoli_ref.fastq.keep.keep8e7.fq
-rw-r--r--  1 root root   377535892 2014-02-12 21:09 ecoli_ref.fastq.keep.keep9e7.fq
-rw-r--r--  1 root root        1085 2014-01-09 23:06 extract-filter-abund-rounds.py
-rw-r--r--  1 root root         950 2014-02-12 21:30 formatdb.log
-rw-r--r--  1 root root        3017 2014-01-09 23:15 fp_assessment.py
-rw-r--r--  1 root root         340 2014-01-09 22:28 get_ecoli_reads.py
-rw-r--r--  1 root root         424 2014-01-09 22:28 get_random_kmers_1M_C3.py
-rw-r--r--  1 root root   390170934 2014-01-15 18:23 iowa.1
-rw-r--r--  1 root root  1022072313 2014-01-15 19:59 iowa.1.txt
-rw-r--r--  1 root root   975736780 2014-01-15 18:34 iowa.2
-rw-r--r--  1 root root  2588239119 2014-01-15 20:02 iowa.2.txt
-rw-r--r--  1 root root  1503944165 2014-01-15 18:53 iowa.3
-rw-r--r--  1 root root  3933318870 2014-01-15 20:03 iowa.3.txt
-rw-r--r--  1 root root  1966147972 2014-01-15 19:19 iowa.4
-rw-r--r--  1 root root  5219590106 2014-01-15 20:06 iowa.4.txt
-rw-r--r--  1 root root  2546790333 2014-01-15 19:59 iowa.5
-rw-r--r--  1 root root  6835362047 2014-01-15 20:13 iowa.5.txt
-rw-r--r--  1 root root  1085661175 2014-01-09 22:43 iowa_prairie_0920.fa.1
-rw-r--r--  1 root root   334934308 2014-03-02 23:34 iowa_prairie_0920.fa.1.gz
-rw-r--r--  1 root root  2169950952 2014-01-09 23:15 iowa_prairie_0920.fa.2
-rw-r--r--  1 root root  3137253948 2014-01-09 23:12 iowa_prairie_0920.fa.3
-rw-r--r--  1 root root  4049116668 2014-01-09 23:19 iowa_prairie_0920.fa.4
-rw-r--r--  1 root root  5005467903 2014-01-09 22:40 iowa_prairie_0920.fa.5
-rw-r--r--  1 root root       69562 2014-02-11 21:01 iowa_prairie_0920.fa.histo
-rw-r--r--  1 root root  1149291444 2014-02-11 20:34 iowa_prairie_0920.fa.reads_binary
-rw-r--r--  1 root root 25464967376 2014-02-11 21:01 iowa_prairie_0920.fa.solid_kmers_binary
-rw-r--r--  1 root root  5611791914 2014-02-11 21:04 jelly_1_22_0
-rw-r--r--  1 root root         157 2014-02-11 21:04 jelly_1_22.time1
-rw-r--r--  1 root root         148 2014-02-11 21:04 jelly_1_22.time2
-rw-r--r--  1 root root  5987472664 2014-02-11 22:14 jelly_1_31_0
-rw-r--r--  1 root root         157 2014-02-11 22:14 jelly_1_31.time1
-rw-r--r--  1 root root         148 2014-02-11 22:14 jelly_1_31.time2
-rw-r--r--  1 root root 10603765884 2014-02-11 21:13 jelly_2_22_0
-rw-r--r--  1 root root         157 2014-02-11 21:13 jelly_2_22.time1
-rw-r--r--  1 root root         147 2014-02-11 21:15 jelly_2_22.time2
-rw-r--r--  1 root root 11430168736 2014-02-11 22:23 jelly_2_31_0
-rw-r--r--  1 root root         157 2014-02-11 22:23 jelly_2_31.time1
-rw-r--r--  1 root root         148 2014-02-11 22:26 jelly_2_31.time2
-rw-r--r--  1 root root 14460227314 2014-02-11 21:25 jelly_3_22_0
-rw-r--r--  1 root root         158 2014-02-11 21:25 jelly_3_22.time1
-rw-r--r--  1 root root         150 2014-02-11 21:30 jelly_3_22.time2
-rw-r--r--  1 root root 15512079556 2014-02-11 22:37 jelly_3_31_0
-rw-r--r--  1 root root         159 2014-02-11 22:37 jelly_3_31.time1
-rw-r--r--  1 root root         149 2014-02-11 22:42 jelly_3_31.time2
-rw-r--r--  1 root root 17708492364 2014-02-11 21:43 jelly_4_22_0
-rw-r--r--  1 root root         159 2014-02-11 21:43 jelly_4_22.time1
-rw-r--r--  1 root root         150 2014-02-11 21:50 jelly_4_22.time2
-rw-r--r--  1 root root 18895403884 2014-02-11 22:55 jelly_4_31_0
-rw-r--r--  1 root root         160 2014-02-11 22:55 jelly_4_31.time1
-rw-r--r--  1 root root         149 2014-02-11 23:01 jelly_4_31.time2
-rw-r--r--  1 root root 21220806924 2014-02-11 22:05 jelly_5_22_0
-rw-r--r--  1 root root         159 2014-02-11 22:05 jelly_5_22.time1
-rw-r--r--  1 root root         150 2014-02-11 22:12 jelly_5_22.time2
-rw-r--r--  1 root root 22681459780 2014-02-11 23:18 jelly_5_31_0
-rw-r--r--  1 root root         160 2014-02-11 23:18 jelly_5_31.time1
-rw-r--r--  1 root root         151 2014-02-11 23:25 jelly_5_31.time2
-rwxr-xr-x  1 root root         121 2014-01-09 23:15 jelly-search.sh
-rw-r--r--  1 root root         256 2014-02-12 21:30 kak5.1e7.cover
-rw-r--r--  1 root root    26411199 2014-02-12 21:29 kak5.1e7.x.mg1655
-rw-r--r--  1 root root         256 2014-02-12 21:30 kak5.2e7.cover
-rw-r--r--  1 root root    26394350 2014-02-12 21:29 kak5.2e7.x.mg1655
-rw-r--r--  1 root root         248 2014-02-12 21:30 kak5.cover
-rw-r--r--  1 root root    26387243 2014-02-12 21:29 kak5.x.mg1655
-rw-r--r--  1 root root   800001190 2014-02-12 21:15 keep1e7.kh
-rw-r--r--  1 root root          75 2014-02-12 21:15 keep1e7.kh.info
-rw-r--r--  1 root root   800001200 2014-02-12 21:16 keep2e7.kh
-rw-r--r--  1 root root          75 2014-02-12 21:16 keep2e7.kh.info
-rw-r--r--  1 root root   800001220 2014-02-12 21:14 keep.kh
-rw-r--r--  1 root root          67 2014-02-12 21:14 keep.kh.info
-rwxr-xr-x  1 root root         326 2014-01-09 23:14 khmer-count-kmers.py
-rw-r--r--  1 root root     2097228 2014-02-11 19:09 kmc_1_22.out.kmc_pre
-rw-r--r--  1 root root   181113708 2014-02-11 19:09 kmc_1_22.out.kmc_suf
-rw-r--r--  1 root root         153 2014-02-11 19:09 kmc_1_22.time
-rw-r--r--  1 root root     2097228 2014-02-11 19:11 kmc_2_22.out.kmc_pre
-rw-r--r--  1 root root   464961528 2014-02-11 19:11 kmc_2_22.out.kmc_suf
-rw-r--r--  1 root root         156 2014-02-11 19:11 kmc_2_22.time
-rw-r--r--  1 root root     2097228 2014-02-11 19:14 kmc_3_22.out.kmc_pre
-rw-r--r--  1 root root   707708103 2014-02-11 19:14 kmc_3_22.out.kmc_suf
-rw-r--r--  1 root root         157 2014-02-11 19:14 kmc_3_22.time
-rw-r--r--  1 root root     2097228 2014-02-11 19:17 kmc_4_22.out.kmc_pre
-rw-r--r--  1 root root   939292288 2014-02-11 19:17 kmc_4_22.out.kmc_suf
-rw-r--r--  1 root root         157 2014-02-11 19:17 kmc_4_22.time
-rw-r--r--  1 root root     2097228 2014-02-11 19:23 kmc_5_22.out.kmc_pre
-rw-r--r--  1 root root  1232091968 2014-02-11 19:23 kmc_5_22.out.kmc_suf
-rw-r--r--  1 root root         157 2014-02-11 19:23 kmc_5_22.time
-rw-r--r--  1 root root  1014508199 2014-02-11 19:24 kmc_dump_1_22.out
-rw-r--r--  1 root root         146 2014-02-11 19:24 kmc_dump_1_22.time
-rw-r--r--  1 root root  2605346697 2014-02-11 19:26 kmc_dump_2_22.out
-rw-r--r--  1 root root         147 2014-02-11 19:26 kmc_dump_2_22.time
-rw-r--r--  1 root root  3966441540 2014-02-11 19:28 kmc_dump_3_22.out
-rw-r--r--  1 root root         148 2014-02-11 19:28 kmc_dump_3_22.time
-rw-r--r--  1 root root  5265285971 2014-02-11 19:32 kmc_dump_4_22.out
-rw-r--r--  1 root root         149 2014-02-11 19:32 kmc_dump_4_22.time
-rw-r--r--  1 root root  6907428385 2014-02-11 19:38 kmc_dump_5_22.out
-rw-r--r--  1 root root         150 2014-02-11 19:38 kmc_dump_5_22.time
-rw-r--r--  1 root root          23 2014-01-09 23:15 kmerlist
-rw-r--r--  1 root root   224121177 2014-02-26 02:25 kmerlist2
-rw-r--r--  1 root root   448191583 2014-02-26 02:25 kmerlist2.fa
-rw-r--r--  1 root root          26 2014-01-09 23:06 kmerlist.fa
-rw-r--r--  1 root root           0 2014-03-07 01:29 ls.log
-rw-r--r--  1 root root       25434 2014-03-07 00:26 Makefile
-rw-r--r--  1 root root       46101 2014-01-09 22:28 Makefile.old
-rw-r--r--  1 root root         392 2014-01-09 23:14 make-quick-small.sh
-rw-r--r--  1 root root    25738655 2014-02-12 21:30 mg1655.x.kak5
-rw-r--r--  1 root root    25757131 2014-02-12 21:30 mg1655.x.kak5.1e7
-rw-r--r--  1 root root    25745756 2014-02-12 21:29 mg1655.x.kak5.2e7
-rw-r--r--  1 root root  3416925543 2014-01-09 23:10 MH0001.trimmed.fa
-rw-r--r--  1 root root        1649 2014-02-12 20:47 norm1e7.out
-rw-r--r--  1 root root        1530 2014-02-12 21:11 norm1e8.out
-rw-r--r--  1 root root        1649 2014-02-12 20:53 norm2e7.out
-rw-r--r--  1 root root        1526 2014-02-12 20:59 norm3e7.out
-rw-r--r--  1 root root        1528 2014-02-12 21:00 norm4e7.out
-rw-r--r--  1 root root        1529 2014-02-12 21:02 norm5e7.out
-rw-r--r--  1 root root        1532 2014-02-12 21:04 norm6e7.out
-rw-r--r--  1 root root        1531 2014-02-12 21:06 norm7e7.out
-rw-r--r--  1 root root        1531 2014-02-12 21:07 norm8e7.out
-rw-r--r--  1 root root        1533 2014-02-12 21:09 norm9e7.out
drwxr-xr-x  2 root root        4096 2014-02-26 00:44 Old
drwxr-xr-x  2 root root        4096 2014-02-11 19:08 OldTime
drwxr-xr-x  2 root root        4096 2014-03-04 23:59 OldTurtle
-rw-r--r--  1 root root        2146 2014-01-09 23:15 simulate_random_reads.py
-rw-r--r--  1 root root        3338 2014-03-06 21:05 software_install.sh
-rwxr-xr-x  1 root root         151 2014-01-09 23:14 tallymer-search.sh
-rw-r--r--  1 root root         169 2014-01-09 23:14 test
-rw-r--r--  1 root root         130 2014-01-09 22:28 test.log
-rw-r--r--  1 root root         169 2014-02-25 20:57 test.out
-rw-r--r--  1 root root   188557313 2014-03-07 00:27 turtle_1_22.out0
-rw-r--r--  1 root root   188535527 2014-03-07 00:27 turtle_1_22.out1
-rw-r--r--  1 root root   188704067 2014-03-07 00:27 turtle_1_22.out2
-rw-r--r--  1 root root   188447601 2014-03-07 00:27 turtle_1_22.out3
-rw-r--r--  1 root root   188526525 2014-03-07 00:27 turtle_1_22.out4
-rw-r--r--  1 root root   188449524 2014-03-07 00:27 turtle_1_22.out5
-rw-r--r--  1 root root   188587363 2014-03-07 00:27 turtle_1_22.out6
-rw-r--r--  1 root root         153 2014-03-07 00:27 turtle_1_22.time
-rw-r--r--  1 root root   493661370 2014-03-07 00:30 turtle_2_22.out0
-rw-r--r--  1 root root   493461102 2014-03-07 00:30 turtle_2_22.out1
-rw-r--r--  1 root root   493843185 2014-03-07 00:30 turtle_2_22.out2
-rw-r--r--  1 root root   493501063 2014-03-07 00:30 turtle_2_22.out3
-rw-r--r--  1 root root   493591905 2014-03-07 00:30 turtle_2_22.out4
-rw-r--r--  1 root root   493564658 2014-03-07 00:30 turtle_2_22.out5
-rw-r--r--  1 root root   493666151 2014-03-07 00:30 turtle_2_22.out6
-rw-r--r--  1 root root         156 2014-03-07 00:30 turtle_2_22.time
-rw-r--r--  1 root root   776256313 2014-03-07 00:34 turtle_3_22.out0
-rw-r--r--  1 root root   776024761 2014-03-07 00:34 turtle_3_22.out1
-rw-r--r--  1 root root   776450033 2014-03-07 00:34 turtle_3_22.out2
-rw-r--r--  1 root root   776167469 2014-03-07 00:34 turtle_3_22.out3
-rw-r--r--  1 root root   776248244 2014-03-07 00:34 turtle_3_22.out4
-rw-r--r--  1 root root   776151478 2014-03-07 00:34 turtle_3_22.out5
-rw-r--r--  1 root root   776233939 2014-03-07 00:34 turtle_3_22.out6
-rw-r--r--  1 root root         157 2014-03-07 00:35 turtle_3_22.time
-rw-r--r--  1 root root  1170264199 2014-03-07 00:42 turtle_4_22.out0
-rw-r--r--  1 root root  1170197344 2014-03-07 00:42 turtle_4_22.out1
-rw-r--r--  1 root root  1170564944 2014-03-07 00:43 turtle_4_22.out2
-rw-r--r--  1 root root  1170267146 2014-03-07 00:40 turtle_4_22.out3
-rw-r--r--  1 root root  1170397868 2014-03-07 00:42 turtle_4_22.out4
-rw-r--r--  1 root root  1170199988 2014-03-07 00:42 turtle_4_22.out5
-rw-r--r--  1 root root  1170317380 2014-03-07 00:42 turtle_4_22.out6
-rw-r--r--  1 root root         157 2014-03-07 00:43 turtle_4_22.time
-rw-r--r--  1 root root  1407630159 2014-03-07 00:52 turtle_5_22.out0
-rw-r--r--  1 root root  1407496734 2014-03-07 00:52 turtle_5_22.out1
-rw-r--r--  1 root root  1407904268 2014-03-07 00:52 turtle_5_22.out2
-rw-r--r--  1 root root  1407750449 2014-03-07 00:52 turtle_5_22.out3
-rw-r--r--  1 root root  1407559028 2014-03-07 00:52 turtle_5_22.out4
-rw-r--r--  1 root root  1407539809 2014-03-07 00:52 turtle_5_22.out5
-rw-r--r--  1 root root  1407506270 2014-03-07 00:52 turtle_5_22.out6
-rw-r--r--  1 root root         158 2014-03-07 00:52 turtle_5_22.time
drwxr-xr-x  2 root root        4096 2014-02-12 21:30 velvet.kak5
drwxr-xr-x  2 root root        4096 2014-02-12 21:29 velvet.kak5.1e7
drwxr-xr-x  2 root root        4096 2014-02-12 21:29 velvet.kak5.2e7
