
PARAMETERS:
 - kmer size =    20 		(-k)
 - n hashes =     4 		(-N)
 - min hashsize = 1.5e+07 	(-x)
 - paired =	      False 		(-p)

Estimated memory usage is 6e+07 bytes (n_hashes x min_hashsize)
--------
**
** ERROR: the counting hash is too small for
** this data set.  Increase hashsize/num ht.
**
** Do not use these results!!
making hashtable
... kept 99907 of 100000 , or 99 %
... in file ecoli_ref.fastq
... kept 199444 of 200000 , or 99 %
... in file ecoli_ref.fastq
... kept 298182 of 300000 , or 99 %
... in file ecoli_ref.fastq
... kept 396628 of 400000 , or 99 %
... in file ecoli_ref.fastq
... kept 494783 of 500000 , or 98 %
... in file ecoli_ref.fastq
... kept 592758 of 600000 , or 98 %
... in file ecoli_ref.fastq
... kept 690236 of 700000 , or 98 %
... in file ecoli_ref.fastq
... kept 786501 of 800000 , or 98 %
... in file ecoli_ref.fastq
... kept 879941 of 900000 , or 97 %
... in file ecoli_ref.fastq
... kept 967617 of 1000000 , or 96 %
... in file ecoli_ref.fastq
... kept 1046838 of 1100000 , or 95 %
... in file ecoli_ref.fastq
... kept 1117151 of 1200000 , or 93 %
... in file ecoli_ref.fastq
... kept 1176096 of 1300000 , or 90 %
... in file ecoli_ref.fastq
... kept 1223703 of 1400000 , or 87 %
... in file ecoli_ref.fastq
... kept 1264960 of 1500000 , or 84 %
... in file ecoli_ref.fastq
... kept 1296669 of 1600000 , or 81 %
... in file ecoli_ref.fastq
... kept 1320940 of 1700000 , or 77 %
... in file ecoli_ref.fastq
... kept 1344866 of 1800000 , or 74 %
... in file ecoli_ref.fastq
... kept 1362910 of 1900000 , or 71 %
... in file ecoli_ref.fastq
... kept 1376778 of 2000000 , or 68 %
... in file ecoli_ref.fastq
... kept 1392907 of 2100000 , or 66 %
... in file ecoli_ref.fastq
... kept 1404975 of 2200000 , or 63 %
... in file ecoli_ref.fastq
... kept 1415110 of 2300000 , or 61 %
... in file ecoli_ref.fastq
... kept 1428018 of 2400000 , or 59 %
... in file ecoli_ref.fastq
... kept 1437829 of 2500000 , or 57 %
... in file ecoli_ref.fastq
... kept 1445927 of 2600000 , or 55 %
... in file ecoli_ref.fastq
... kept 1457393 of 2700000 , or 53 %
... in file ecoli_ref.fastq
... kept 1465949 of 2800000 , or 52 %
... in file ecoli_ref.fastq
... kept 1473138 of 2900000 , or 50 %
... in file ecoli_ref.fastq
... kept 1483550 of 3000000 , or 49 %
... in file ecoli_ref.fastq
... kept 1491556 of 3100000 , or 48 %
... in file ecoli_ref.fastq
... kept 1498269 of 3200000 , or 46 %
... in file ecoli_ref.fastq
... kept 1508300 of 3300000 , or 45 %
... in file ecoli_ref.fastq
... kept 1515721 of 3400000 , or 44 %
... in file ecoli_ref.fastq
... kept 1522122 of 3500000 , or 43 %
... in file ecoli_ref.fastq
... kept 1531620 of 3600000 , or 42 %
... in file ecoli_ref.fastq
... kept 1538889 of 3700000 , or 41 %
... in file ecoli_ref.fastq
... kept 1545269 of 3800000 , or 40 %
... in file ecoli_ref.fastq
... kept 1554317 of 3900000 , or 39 %
... in file ecoli_ref.fastq
... kept 1561250 of 4000000 , or 39 %
... in file ecoli_ref.fastq
... kept 1567163 of 4100000 , or 38 %
... in file ecoli_ref.fastq
... kept 1576090 of 4200000 , or 37 %
... in file ecoli_ref.fastq
... kept 1582958 of 4300000 , or 36 %
... in file ecoli_ref.fastq
... kept 1588944 of 4400000 , or 36 %
... in file ecoli_ref.fastq
... kept 1597698 of 4500000 , or 35 %
... in file ecoli_ref.fastq
... kept 1604980 of 4600000 , or 34 %
... in file ecoli_ref.fastq
... kept 1611188 of 4700000 , or 34 %
... in file ecoli_ref.fastq
... kept 1619888 of 4800000 , or 33 %
... in file ecoli_ref.fastq
... kept 1626914 of 4900000 , or 33 %
... in file ecoli_ref.fastq
DONE with ecoli_ref.fastq ; kept 1633182 of 5000000 or 32 %
output in ecoli_ref.fastq.keep
fp rate estimated to be 0.591
